<?xml version="1.0" encoding="UTF-8"?>
<!-- Generated by org.testng.reporters.JUnitReportReporter -->
<testsuite hostname="DESKTOP-S0STNTD" failures="0" tests="1" name="TestNg2.Nike" time="16.209" errors="0" timestamp="2024-11-14T16:29:00 IST" skipped="0">
  <testcase classname="TestNg2.Nike" name="nike" time="16.209">
    <system-out>
      <![CDATA[i am Nike]]>
    </system-out>
  </testcase> <!-- nike -->
  <system-out>
    <![CDATA[i am RoyelEnfield
i am puma
i am Adidas
i am Kawasaki
i am Nike
i am honda]]>
  </system-out>
</testsuite> <!-- TestNg2.Nike -->
