<?xml version="1.0" encoding="UTF-8"?>
<!-- Generated by org.testng.reporters.JUnitReportReporter -->
<testsuite hostname="DESKTOP-S0STNTD" failures="0" tests="1" name="ExtentReport.BasicExtentReport" time="12.042" errors="0" timestamp="2024-11-23T17:34:44 IST" skipped="0">
  <testcase classname="ExtentReport.BasicExtentReport" name="main" time="12.042"/>
</testsuite> <!-- ExtentReport.BasicExtentReport -->
