<?xml version="1.0" encoding="UTF-8"?>
<!-- Generated by org.testng.reporters.JUnitReportReporter -->
<testsuite hostname="DESKTOP-S0STNTD" failures="0" tests="2" name="TestNg.TestCase" time="40.458" errors="0" timestamp="2024-11-09T16:43:02 IST" skipped="0">
  <testcase classname="TestNg.TestCase" name="testCase2" time="5.683"/>
  <testcase classname="TestNg.TestCase" name="testCase1" time="34.775"/>
</testsuite> <!-- TestNg.TestCase -->
