<?xml version="1.0" encoding="UTF-8"?>
<!-- Generated by org.testng.reporters.JUnitReportReporter -->
<testsuite hostname="DESKTOP-S0STNTD" failures="0" tests="1" name="Testng1.Kawasaki" time="18.629" errors="0" timestamp="2024-11-14T16:29:00 IST" skipped="0">
  <testcase classname="Testng1.Kawasaki" name="kawasaki" time="18.629">
    <system-out>
      <![CDATA[i am Kawasaki]]>
    </system-out>
  </testcase> <!-- kawasaki -->
  <system-out>
    <![CDATA[i am RoyelEnfield
i am puma
i am Adidas
i am Kawasaki
i am Nike
i am honda]]>
  </system-out>
</testsuite> <!-- Testng1.Kawasaki -->
