<?xml version="1.0" encoding="UTF-8"?>
<!-- Generated by org.testng.reporters.JUnitReportReporter -->
<testsuite hostname="DESKTOP-S0STNTD" failures="0" tests="1" name="PageObjectModel.register" time="8.823" errors="0" timestamp="2024-11-22T15:20:08 IST" skipped="0">
  <testcase classname="PageObjectModel.register" name="main" time="8.823"/>
</testsuite> <!-- PageObjectModel.register -->
