<?xml version="1.0" encoding="UTF-8"?>
<!-- Generated by org.testng.reporters.JUnitReportReporter -->
<testsuite hostname="DESKTOP-S0STNTD" failures="0" tests="3" name="TestNg.CreatingDependancies" time="3.029" errors="0" timestamp="2024-11-08T16:12:07 IST" skipped="0">
  <testcase classname="TestNg.CreatingDependancies" name="CreateAccount" time="3.023"/>
  <testcase classname="TestNg.CreatingDependancies" name="ModifyAccount" time="0.003"/>
  <testcase classname="TestNg.CreatingDependancies" name="DeleteAccount" time="0.003"/>
</testsuite> <!-- TestNg.CreatingDependancies -->
