<?xml version="1.0" encoding="UTF-8"?>
<!-- Generated by org.testng.reporters.JUnitReportReporter -->
<testsuite hostname="DESKTOP-S0STNTD" failures="0" tests="1" name="Basic.ParameterisedTestNg" time="0.026" errors="0" timestamp="2024-11-13T15:50:56 IST" skipped="0">
  <testcase classname="Basic.ParameterisedTestNg" name="main" time="0.026"/>
</testsuite> <!-- Basic.ParameterisedTestNg -->
