<?xml version="1.0" encoding="UTF-8"?>
<!-- Generated by org.testng.reporters.JUnitReportReporter -->
<testsuite hostname="DESKTOP-S0STNTD" failures="0" tests="1" name="Testng1.RoyelEnfield" time="17.108" errors="0" timestamp="2024-11-14T16:29:00 IST" skipped="0">
  <testcase classname="Testng1.RoyelEnfield" name="honda" time="17.108">
    <system-out>
      <![CDATA[i am RoyelEnfield]]>
    </system-out>
  </testcase> <!-- honda -->
  <system-out>
    <![CDATA[i am RoyelEnfield
i am puma
i am Adidas
i am Kawasaki
i am Nike
i am honda]]>
  </system-out>
</testsuite> <!-- Testng1.RoyelEnfield -->
