<?xml version="1.0" encoding="UTF-8"?>
<!-- Generated by org.testng.reporters.JUnitReportReporter -->
<testsuite hostname="DESKTOP-S0STNTD" failures="0" tests="1" name="BatchExecution.TestCcase4" time="28.234" errors="0" timestamp="2024-11-28T16:00:41 IST" skipped="0">
  <testcase classname="BatchExecution.TestCcase4" name="Amazon" time="28.234">
    <system-out>
      <![CDATA[i am Amazon]]>
    </system-out>
  </testcase> <!-- Amazon -->
  <system-out>
    <![CDATA[i am easemytrip
i am makemytrip
i am flipkart
i am Amazon
i am qspiders
i am myntra
i am Adidas
i am Nike
i am honda
i am Kawasaki
i am RoyelEnfield
i am puma]]>
  </system-out>
</testsuite> <!-- BatchExecution.TestCcase4 -->
