<?xml version="1.0" encoding="UTF-8"?>
<!-- Generated by org.testng.reporters.JUnitReportReporter -->
<testsuite hostname="DESKTOP-S0STNTD" failures="0" tests="2" name="Basic.DataProviderwithLoop$DataProvider" time="26.164" errors="0" timestamp="2024-11-14T17:20:32 IST" skipped="0">
  <testcase classname="Basic.DataProviderwithLoop$DataProvider" name="receiver" time="11.567"/>
  <testcase classname="Basic.DataProviderwithLoop$DataProvider" name="receiver" time="14.597"/>
</testsuite> <!-- Basic.DataProviderwithLoop$DataProvider -->
