<?xml version="1.0" encoding="UTF-8"?>
<!-- Generated by org.testng.reporters.JUnitReportReporter -->
<testsuite hostname="DESKTOP-S0STNTD" failures="0" tests="1" name="BatchExecution.TestCcase8" time="33.377" errors="0" timestamp="2024-11-28T16:00:41 IST" skipped="0">
  <testcase classname="BatchExecution.TestCcase8" name="Easemytrip" time="33.377">
    <system-out>
      <![CDATA[i am easemytrip]]>
    </system-out>
  </testcase> <!-- Easemytrip -->
  <system-out>
    <![CDATA[i am easemytrip
i am makemytrip
i am flipkart
i am Amazon
i am qspiders
i am myntra
i am Adidas
i am Nike
i am honda
i am Kawasaki
i am RoyelEnfield
i am puma]]>
  </system-out>
</testsuite> <!-- BatchExecution.TestCcase8 -->
