<?xml version="1.0" encoding="UTF-8"?>
<!-- Generated by org.testng.reporters.JUnitReportReporter -->
<testsuite hostname="DESKTOP-S0STNTD" failures="0" tests="1" name="BatchExecution.TestCcase3" time="17.199" errors="0" timestamp="2024-11-28T16:00:41 IST" skipped="0">
  <testcase classname="BatchExecution.TestCcase3" name="Flipkart" time="17.199">
    <system-out>
      <![CDATA[i am flipkart]]>
    </system-out>
  </testcase> <!-- Flipkart -->
  <system-out>
    <![CDATA[i am easemytrip
i am makemytrip
i am flipkart
i am Amazon
i am qspiders
i am myntra
i am Adidas
i am Nike
i am honda
i am Kawasaki
i am RoyelEnfield
i am puma]]>
  </system-out>
</testsuite> <!-- BatchExecution.TestCcase3 -->
