<?xml version="1.0" encoding="UTF-8"?>
<!-- Generated by org.testng.reporters.JUnitReportReporter -->
<testsuite hostname="DESKTOP-S0STNTD" failures="0" tests="3" name="BatchExecution.TestCcase1" time="159.646" errors="0" timestamp="2024-11-28T16:00:41 IST" skipped="0">
  <testcase classname="BatchExecution.TestCcase1" name="royal" time="43.996">
    <system-out>
      <![CDATA[i am RoyelEnfield]]>
    </system-out>
  </testcase> <!-- royal -->
  <testcase classname="BatchExecution.TestCcase1" name="kawasaki" time="38.038">
    <system-out>
      <![CDATA[i am Kawasaki]]>
    </system-out>
  </testcase> <!-- kawasaki -->
  <testcase classname="BatchExecution.TestCcase1" name="honda" time="77.612">
    <system-out>
      <![CDATA[i am honda]]>
    </system-out>
  </testcase> <!-- honda -->
  <system-out>
    <![CDATA[i am easemytrip
i am makemytrip
i am flipkart
i am Amazon
i am qspiders
i am myntra
i am Adidas
i am Nike
i am honda
i am Kawasaki
i am RoyelEnfield
i am puma]]>
  </system-out>
</testsuite> <!-- BatchExecution.TestCcase1 -->
