<?xml version="1.0" encoding="UTF-8"?>
<!-- Generated by org.testng.reporters.JUnitReportReporter -->
<testsuite hostname="DESKTOP-S0STNTD" failures="0" tests="4" name="Basic.MultipleTestAnnotations" time="124.451" errors="0" timestamp="2024-11-08T15:36:12 IST" skipped="0">
  <testcase classname="Basic.MultipleTestAnnotations" name="csk" time="38.869"/>
  <testcase classname="Basic.MultipleTestAnnotations" name="csk" time="45.188"/>
  <testcase classname="Basic.MultipleTestAnnotations" name="mumbai" time="24.832"/>
  <testcase classname="Basic.MultipleTestAnnotations" name="rcb" time="15.562"/>
</testsuite> <!-- Basic.MultipleTestAnnotations -->
