<?xml version="1.0" encoding="UTF-8"?>
<!-- Generated by org.testng.reporters.JUnitReportReporter -->
<testsuite hostname="DESKTOP-S0STNTD" failures="0" tests="2" name="TestNg.Guru99Assignment" time="37.906" errors="0" timestamp="2024-11-08T17:00:20 IST" skipped="0">
  <testcase classname="TestNg.Guru99Assignment" name="rightClickMe" time="31.163"/>
  <testcase classname="TestNg.Guru99Assignment" name="doubleClick" time="6.743"/>
</testsuite> <!-- TestNg.Guru99Assignment -->
