<?xml version="1.0" encoding="UTF-8"?>
<!-- Generated by org.testng.reporters.JUnitReportReporter -->
<testsuite hostname="DESKTOP-S0STNTD" failures="0" tests="1" name="Basic.ChronologicalOrderOfConfigurationAnnotation" time="0.009" errors="0" timestamp="2024-11-09T15:29:42 IST" skipped="0">
  <testcase classname="Basic.ChronologicalOrderOfConfigurationAnnotation" name="testScript1" time="0.009"/>
</testsuite> <!-- Basic.ChronologicalOrderOfConfigurationAnnotation -->
