<?xml version="1.0" encoding="UTF-8"?>
<!-- Generated by org.testng.reporters.JUnitReportReporter -->
<testsuite hostname="DESKTOP-S0STNTD" failures="0" tests="1" name="PageObjectModel.login" time="9.279" errors="0" timestamp="2024-11-21T17:04:41 IST" skipped="0">
  <testcase classname="PageObjectModel.login" name="main" time="9.279"/>
</testsuite> <!-- PageObjectModel.login -->
