<?xml version="1.0" encoding="UTF-8"?>
<!-- Generated by org.testng.reporters.JUnitReportReporter -->
<testsuite hostname="DESKTOP-S0STNTD" failures="0" tests="1" name="Testng1.Honda" time="3.136" errors="0" timestamp="2024-11-14T16:29:00 IST" skipped="0">
  <testcase classname="Testng1.Honda" name="honda" time="3.136">
    <system-out>
      <![CDATA[i am honda]]>
    </system-out>
  </testcase> <!-- honda -->
  <system-out>
    <![CDATA[i am RoyelEnfield
i am puma
i am Adidas
i am Kawasaki
i am Nike
i am honda]]>
  </system-out>
</testsuite> <!-- Testng1.Honda -->
